\BOOKMARK [1][-]{section.1}{Inleiding}{}
\BOOKMARK [1][-]{section.2}{Fouten in de FAT}{}
\BOOKMARK [2][-]{subsection.2.1}{Fouten overzicht}{section.2}
\BOOKMARK [1][-]{section.3}{Ge\357mplementeerde fouten}{}
\BOOKMARK [2][-]{subsection.3.1}{Dubbel gebruik van een deel van de FAT / Dubbele file}{section.3}
\BOOKMARK [2][-]{subsection.3.2}{Geen overeenkomende lengte}{section.3}
\BOOKMARK [2][-]{subsection.3.3}{Loops}{section.3}
\BOOKMARK [2][-]{subsection.3.4}{Incorrecte eindigende links}{section.3}
\BOOKMARK [1][-]{section.4}{Overige fouten}{}
\BOOKMARK [2][-]{subsection.4.1}{Een file dat niet voorkomt in de FAT}{section.4}
\BOOKMARK [2][-]{subsection.4.2}{Een file dat nog wel in de FAT staat maar niet in de directory}{section.4}
\BOOKMARK [2][-]{subsection.4.3}{Vrije ruimte staat niet gemarkeert als vrije ruimte in de FAT}{section.4}
\BOOKMARK [2][-]{subsection.4.4}{0x05 / 0xE5}{section.4}
\BOOKMARK [1][-]{section.5}{Setup van het programma}{}
\BOOKMARK [1][-]{section.6}{Resultaten}{}
\BOOKMARK [2][-]{subsection.6.1}{Disk-image3}{section.6}
\BOOKMARK [2][-]{subsection.6.2}{Disk-image1}{section.6}
\BOOKMARK [2][-]{subsection.6.3}{Disk-image2}{section.6}
\BOOKMARK [2][-]{subsection.6.4}{Disk-image4}{section.6}
\BOOKMARK [2][-]{subsection.6.5}{Disk-image5}{section.6}
\BOOKMARK [2][-]{subsection.6.6}{Disk-image6}{section.6}
